The table:
8  9  5  6  6  7  8  4  5  0  2  2  0  8  6  
9  5  8  5  1  5  6  4  7  5  1  8  1  0  6  
6  0  7  1  6  3  0  5  9  5  7  1  7  7  9  
6  6  6  4  3  7  1  9  3  1  6  7  9  9  9  
5  5  9  2  9  5  8  9  2  7  7  9  1  4  8  
2  0  6  9  7  0  8  0  9  2  1  8  9  1  9  
8  8  5  9  1  6  4  1  7  7  0  4  8  1  1  
9  6  3  5  5  0  5  3  1  7  7  2  7  6  5  
6  6  4  3  5  7  9  2  8  9  1  0  3  9  4  
4  8  0  8  6  5  0  3  0  3  0  8  6  9  6  
3  6  3  7  9  0  4  1  2  4  0  3  5  5  5  
1  2  5  1  2  1  6  4  5  8  8  7  6  6  7  
3  9  5  8  7  6  8  3  9  3  0  9  8  7  7  
3  8  9  1  9  3  4  7  7  9  5  5  9  4  1  
8  9  3  3  7  2  1  7  5  1  0  7  2  1  6  
---------------------------------------

General Info:
The # of rows: 15
The # of cols: 15
The total # of documents: 225


---------------------------------------
The highest frequency for word : 0

The requested # of documents: 15

************************
*                      *
*   Record # | Value   *
*                      *
************************
     1	     | 0.129
     2	     | 0.127
     3	     | 0.127
     4	     | 0.114
     5	     | 0.105
     6	     | 0.082
     7	     | 0.079
     8	     | 0.070
     9	     | 0.061
    10	     | 0.056
    11	     | 0.053
    12	     | 0.036
    13	     | 0.033
    14	     | 0.028
    15	     | 0.014
---------------------------------------


---------------------------------------
The highest frequency for word : 1

The requested # of documents: 15

************************
*                      *
*   Record # | Value   *
*                      *
************************
     1	     | 0.145
     2	     | 0.121
     3	     | 0.118
     4	     | 0.114
     5	     | 0.105
     6	     | 0.098
     7	     | 0.095
     8	     | 0.085
     9	     | 0.079
    10	     | 0.070
    11	     | 0.070
    12	     | 0.056
    13	     | 0.029
    14	     | 0.000
    15	     | 0.000
---------------------------------------


